Tue Jul 15 2014 14:33:54 GMT-0400 (EDT):
{ [Error: User Realm Discovery request returned http error: 400]
  stack: [Getter/Setter],
  __frame: 
   { name: '__7',
     line: 173,
     file: '/usr/local/azure/lib/commands/account.js',
     prev: undefined,
     active: false,
     offset: 38,
     col: 31 },
  rawStack: [Getter] }
Error: User Realm Discovery request returned http error: 400
    at Logger.createError (/usr/local/azure/node_modules/adal-node/lib/log.js:196:13)
    at Request._callback (/usr/local/azure/node_modules/adal-node/lib/util.js:112:25)
    at Request.self.callback (/usr/local/azure/node_modules/adal-node/node_modules/request/request.js:121:22)
    at Request.EventEmitter.emit (events.js:98:17)
    at Request.<anonymous> (/usr/local/azure/node_modules/adal-node/node_modules/request/request.js:985:14)
    at Request.EventEmitter.emit (events.js:117:20)
    at IncomingMessage.<anonymous> (/usr/local/azure/node_modules/adal-node/node_modules/request/request.js:936:12)
    at IncomingMessage.EventEmitter.emit (events.js:117:20)
    at _stream_readable.js:920:16
    at process._tickCallback (node.js:415:13)
    at __7 (/usr/local/azure/lib/commands/account.js:211:31)

